1654455576540	geckodriver	INFO	Listening on 127.0.0.1:63799
1654455579603	mozrunner::runner	INFO	Running command: "C:\\Program Files (x86)\\Mozilla Firefox\\firefox.exe" "--marionette" "--remote-debugging-port" "63800" "--remote-allow-hosts" "localhost" "-no-remote" "-profile" "C:\\Users\\kegupta\\AppData\\Local\\Temp\\rust_mozprofilexiSY2Z"
1654455579989	Marionette	INFO	Marionette enabled
WebDriver BiDi listening on ws://localhost:63800
console.warn: SearchSettings: "get: No settings file exists, new profile?" (new NotFoundError("Could not open the file at C:\\Users\\kegupta\\AppData\\Local\\Temp\\rust_mozprofilexiSY2Z\\search.json.mozlz4", (void 0)))
1654455581520	Marionette	INFO	Listening on port 63824
DevTools listening on ws://localhost:63800/devtools/browser/82b7d2dc-7075-4a3d-893b-741bc5c31393
Read port: 63824
1654455581589	RemoteAgent	WARN	TLS certificate errors will be ignored for this session
console.error: services.settings: 
  main/query-stripping Signature failed  InvalidSignatureError: Invalid content signature (main/query-stripping)
console.error: services.settings: 
  main/query-stripping local data was corrupted
console.warn: services.settings: main/query-stripping Signature verified failed. Retry from scratch
console.error: services.settings: 
  main/query-stripping Signature failed again InvalidSignatureError: Invalid content signature (main/query-stripping)
JavaScript warning: https://www.amazon.in/ line 7 > injectedScript, line 1: WEBGL_debug_renderer_info is deprecated in Firefox and will be removed. Please use RENDERER.
1654455586791	Marionette	INFO	Stopped listening on port 63824

###!!! [Child][PContentChild] Error: Send(msgname=PNecko::Msg_RemoveRequestContext) Channel closing: too late to send/recv, messages will be lost


###!!! [Parent][PGPUParent] Error: RunMessage(msgname=PGPU::Msg_ShutdownVR) Channel closing: too late to send/recv, messages will be lost

1654455588112	geckodriver	INFO	Listening on 127.0.0.1:63879
1654455591181	mozrunner::runner	INFO	Running command: "C:\\Program Files (x86)\\Mozilla Firefox\\firefox.exe" "--marionette" "--remote-debugging-port" "63880" "--remote-allow-hosts" "localhost" "-no-remote" "-profile" "C:\\Users\\kegupta\\AppData\\Local\\Temp\\rust_mozprofileG1NAep"
1654455591568	Marionette	INFO	Marionette enabled
WebDriver BiDi listening on ws://localhost:63880
console.warn: SearchSettings: "get: No settings file exists, new profile?" (new NotFoundError("Could not open the file at C:\\Users\\kegupta\\AppData\\Local\\Temp\\rust_mozprofileG1NAep\\search.json.mozlz4", (void 0)))
1654455593076	Marionette	INFO	Listening on port 63904
DevTools listening on ws://localhost:63880/devtools/browser/29053155-ce3d-45fb-a579-7a8549ed6522
Read port: 63904
1654455593193	RemoteAgent	WARN	TLS certificate errors will be ignored for this session
console.error: services.settings: 
  main/query-stripping Signature failed  InvalidSignatureError: Invalid content signature (main/query-stripping)
console.error: services.settings: 
  main/query-stripping local data was corrupted
console.warn: services.settings: main/query-stripping Signature verified failed. Retry from scratch
console.error: services.settings: 
  main/query-stripping Signature failed again InvalidSignatureError: Invalid content signature (main/query-stripping)
JavaScript warning: https://www.amazon.in/ line 7 > injectedScript, line 1: WEBGL_debug_renderer_info is deprecated in Firefox and will be removed. Please use RENDERER.
console.warn: LoginRecipes: "getRecipes: falling back to a synchronous message for:" "https://www.amazon.in"
JavaScript warning: https://www.amazon.in/s?k=Dell+laptop&ref=nb_sb_noss line 7 > injectedScript, line 1: WEBGL_debug_renderer_info is deprecated in Firefox and will be removed. Please use RENDERER.
1654455599714	Marionette	INFO	Stopped listening on port 63904

###!!! [Parent][PContentParent] Error: Send(msgname=PContent::Reply_DiscardBrowsingContext) Closed channel: cannot send/recv


###!!! [Parent][PContentParent] Error: Send(msgname=PContent::Reply_DiscardBrowsingContext) Closed channel: cannot send/recv


###!!! [Parent][PContentParent] Error: Send(msgname=PContent::Reply_DiscardBrowsingContext) Closed channel: cannot send/recv


###!!! [Parent][PContentParent] Error: Send(msgname=PContent::Msg_DestroyBrowsingContextGroup) Closed channel: cannot send/recv


###!!! [Parent][PGPUParent] Error: RunMessage(msgname=PGPU::Msg_ShutdownVR) Channel closing: too late to send/recv, messages will be lost

